{"level":"info","message":"Server is running on port 3000","timestamp":"2025-05-24 16:23:01"}
{"level":"info","message":"Environment: development","timestamp":"2025-05-24 16:23:01"}
{"level":"info","message":"Test URL: http://localhost:3000/test","timestamp":"2025-05-24 16:23:01"}
{"level":"info","message":"API URL: http://localhost:3000/api","timestamp":"2025-05-24 16:23:01"}
{"level":"info","message":"Server is running on port 3000","timestamp":"2025-05-24 16:23:25"}
{"level":"info","message":"Environment: development","timestamp":"2025-05-24 16:23:25"}
{"level":"info","message":"Test URL: http://localhost:3000/test","timestamp":"2025-05-24 16:23:25"}
{"level":"info","message":"API URL: http://localhost:3000/api","timestamp":"2025-05-24 16:23:25"}
{"level":"info","message":"Server is running on port 3000","timestamp":"2025-05-24 16:23:34"}
{"level":"info","message":"Environment: development","timestamp":"2025-05-24 16:23:34"}
{"level":"info","message":"Test URL: http://localhost:3000/test","timestamp":"2025-05-24 16:23:34"}
{"level":"info","message":"API URL: http://localhost:3000/api","timestamp":"2025-05-24 16:23:34"}
{"level":"info","message":"Server is running on port 3000","timestamp":"2025-05-24 16:23:42"}
{"level":"info","message":"Environment: development","timestamp":"2025-05-24 16:23:42"}
{"level":"info","message":"Test URL: http://localhost:3000/test","timestamp":"2025-05-24 16:23:42"}
{"level":"info","message":"API URL: http://localhost:3000/api","timestamp":"2025-05-24 16:23:42"}
{"level":"info","message":"Server is running on port 3000","timestamp":"2025-05-24 16:24:03"}
{"level":"info","message":"Environment: development","timestamp":"2025-05-24 16:24:03"}
{"level":"info","message":"Test URL: http://localhost:3000/test","timestamp":"2025-05-24 16:24:03"}
{"level":"info","message":"API URL: http://localhost:3000/api","timestamp":"2025-05-24 16:24:03"}
{"level":"info","message":"MongoDB bağlantısı başarılı: localhost","timestamp":"2025-05-24 16:44:12"}
{"level":"info","message":"Server is running on port 3000","timestamp":"2025-05-24 16:44:12"}
{"level":"info","message":"Environment: development","timestamp":"2025-05-24 16:44:12"}
{"level":"info","message":"Test URL: http://localhost:3000/test","timestamp":"2025-05-24 16:44:12"}
{"level":"info","message":"API URL: http://localhost:3000/api","timestamp":"2025-05-24 16:44:12"}
{"level":"info","message":"MongoDB bağlantısı başarılı: localhost","timestamp":"2025-05-24 16:44:14"}
{"level":"info","message":"Server is running on port 3000","timestamp":"2025-05-24 16:44:14"}
{"level":"info","message":"Environment: development","timestamp":"2025-05-24 16:44:14"}
{"level":"info","message":"Test URL: http://localhost:3000/test","timestamp":"2025-05-24 16:44:14"}
{"level":"info","message":"API URL: http://localhost:3000/api","timestamp":"2025-05-24 16:44:14"}
{"level":"info","message":"MongoDB bağlantısı başarılı: localhost","timestamp":"2025-05-24 16:44:24"}
{"level":"info","message":"Server is running on port 3000","timestamp":"2025-05-24 16:44:24"}
{"level":"info","message":"Environment: development","timestamp":"2025-05-24 16:44:24"}
{"level":"info","message":"Test URL: http://localhost:3000/test","timestamp":"2025-05-24 16:44:24"}
{"level":"info","message":"API URL: http://localhost:3000/api","timestamp":"2025-05-24 16:44:24"}
{"level":"info","message":"MongoDB bağlantısı başarılı: localhost","timestamp":"2025-05-24 16:44:30"}
{"level":"info","message":"MongoDB bağlantısı başarılı: localhost","timestamp":"2025-05-24 16:44:45"}
{"level":"info","message":"Server is running on port 3000","timestamp":"2025-05-24 16:44:45"}
{"level":"info","message":"Environment: development","timestamp":"2025-05-24 16:44:45"}
{"level":"info","message":"Test URL: http://localhost:3000/test","timestamp":"2025-05-24 16:44:45"}
{"level":"info","message":"API URL: http://localhost:3000/api","timestamp":"2025-05-24 16:44:45"}
{"level":"info","message":"MongoDB bağlantısı başarılı: localhost","timestamp":"2025-05-24 16:46:53"}
{"level":"info","message":"Server is running on port 3000","timestamp":"2025-05-24 16:46:53"}
{"level":"info","message":"Environment: development","timestamp":"2025-05-24 16:46:53"}
{"level":"info","message":"Test URL: http://localhost:3000/test","timestamp":"2025-05-24 16:46:53"}
{"level":"info","message":"API URL: http://localhost:3000/api","timestamp":"2025-05-24 16:46:53"}
{"level":"info","message":"MongoDB bağlantısı başarılı: localhost","timestamp":"2025-05-24 16:46:54"}
{"level":"info","message":"Server is running on port 3000","timestamp":"2025-05-24 16:46:54"}
{"level":"info","message":"Environment: development","timestamp":"2025-05-24 16:46:54"}
{"level":"info","message":"Test URL: http://localhost:3000/test","timestamp":"2025-05-24 16:46:54"}
{"level":"info","message":"API URL: http://localhost:3000/api","timestamp":"2025-05-24 16:46:54"}
{"level":"info","message":"MongoDB bağlantısı başarılı: localhost","timestamp":"2025-05-24 16:47:00"}
{"level":"info","message":"Server is running on port 3000","timestamp":"2025-05-24 16:47:00"}
{"level":"info","message":"Environment: development","timestamp":"2025-05-24 16:47:00"}
{"level":"info","message":"Test URL: http://localhost:3000/test","timestamp":"2025-05-24 16:47:00"}
{"level":"info","message":"API URL: http://localhost:3000/api","timestamp":"2025-05-24 16:47:00"}
{"level":"info","message":"MongoDB bağlantısı başarılı: localhost","timestamp":"2025-05-24 16:47:01"}
{"level":"info","message":"Server is running on port 3000","timestamp":"2025-05-24 16:47:01"}
{"level":"info","message":"Environment: development","timestamp":"2025-05-24 16:47:01"}
{"level":"info","message":"Test URL: http://localhost:3000/test","timestamp":"2025-05-24 16:47:01"}
{"level":"info","message":"API URL: http://localhost:3000/api","timestamp":"2025-05-24 16:47:01"}
{"level":"info","message":"MongoDB bağlantısı başarılı: localhost","timestamp":"2025-05-24 16:47:22"}
{"level":"info","message":"Server is running on port 3000","timestamp":"2025-05-24 16:47:22"}
{"level":"info","message":"Environment: development","timestamp":"2025-05-24 16:47:22"}
{"level":"info","message":"Test URL: http://localhost:3000/test","timestamp":"2025-05-24 16:47:22"}
{"level":"info","message":"API URL: http://localhost:3000/api","timestamp":"2025-05-24 16:47:22"}
{"level":"info","message":"MongoDB bağlantısı başarılı: localhost","timestamp":"2025-05-24 16:47:30"}
{"level":"info","message":"Server is running on port 3000","timestamp":"2025-05-24 16:47:30"}
{"level":"info","message":"Environment: development","timestamp":"2025-05-24 16:47:30"}
{"level":"info","message":"Test URL: http://localhost:3000/test","timestamp":"2025-05-24 16:47:30"}
{"level":"info","message":"API URL: http://localhost:3000/api","timestamp":"2025-05-24 16:47:30"}
{"level":"info","message":"MongoDB bağlantısı başarılı: localhost","timestamp":"2025-05-24 16:47:43"}
{"level":"info","message":"Server is running on port 3000","timestamp":"2025-05-24 16:47:43"}
{"level":"info","message":"Environment: development","timestamp":"2025-05-24 16:47:43"}
{"level":"info","message":"Test URL: http://localhost:3000/test","timestamp":"2025-05-24 16:47:43"}
{"level":"info","message":"API URL: http://localhost:3000/api","timestamp":"2025-05-24 16:47:43"}
{"level":"info","message":"MongoDB bağlantısı başarılı: localhost","timestamp":"2025-05-24 16:47:44"}
{"level":"info","message":"Server is running on port 3000","timestamp":"2025-05-24 16:47:44"}
{"level":"info","message":"Environment: development","timestamp":"2025-05-24 16:47:44"}
{"level":"info","message":"Test URL: http://localhost:3000/test","timestamp":"2025-05-24 16:47:44"}
{"level":"info","message":"API URL: http://localhost:3000/api","timestamp":"2025-05-24 16:47:44"}
{"level":"info","message":"MongoDB bağlantısı başarılı: localhost","timestamp":"2025-05-24 16:47:45"}
{"level":"info","message":"Server is running on port 3000","timestamp":"2025-05-24 16:47:45"}
{"level":"info","message":"Environment: development","timestamp":"2025-05-24 16:47:45"}
{"level":"info","message":"Test URL: http://localhost:3000/test","timestamp":"2025-05-24 16:47:45"}
{"level":"info","message":"API URL: http://localhost:3000/api","timestamp":"2025-05-24 16:47:45"}
{"level":"info","message":"MongoDB bağlantısı başarılı: localhost","timestamp":"2025-05-24 16:47:55"}
{"level":"info","message":"Server is running on port 3000","timestamp":"2025-05-24 16:47:55"}
{"level":"info","message":"Environment: development","timestamp":"2025-05-24 16:47:55"}
{"level":"info","message":"Test URL: http://localhost:3000/test","timestamp":"2025-05-24 16:47:55"}
{"level":"info","message":"API URL: http://localhost:3000/api","timestamp":"2025-05-24 16:47:55"}
{"level":"info","message":"MongoDB bağlantısı başarılı: localhost","timestamp":"2025-05-24 16:54:50"}
{"level":"info","message":"Server is running on port 5000","timestamp":"2025-05-24 16:54:50"}
{"level":"info","message":"Environment: development","timestamp":"2025-05-24 16:54:50"}
{"level":"info","message":"Test URL: http://localhost:5000/test","timestamp":"2025-05-24 16:54:50"}
{"level":"info","message":"API URL: http://localhost:5000/api","timestamp":"2025-05-24 16:54:50"}
{"level":"info","message":"MongoDB bağlantısı başarılı: localhost","timestamp":"2025-05-24 16:54:52"}
{"level":"info","message":"Server is running on port 5000","timestamp":"2025-05-24 16:54:52"}
{"level":"info","message":"Environment: development","timestamp":"2025-05-24 16:54:52"}
{"level":"info","message":"Test URL: http://localhost:5000/test","timestamp":"2025-05-24 16:54:52"}
{"level":"info","message":"API URL: http://localhost:5000/api","timestamp":"2025-05-24 16:54:52"}
